11:56:48.638 [main                ] WARN  nspositionTable > Not enough memory for a 512MB transposition cache - reducing to 409MB
11:56:49.480 [main                ] INFO  nspositionTable > Transposition Table Size: 409MB
11:56:49.523 [Engine: WHITE       ] INFO  Search          > ****** MATE SEARCH *******
11:56:49.531 [Engine: WHITE       ] DEBUG Search          > Searching in Position: 1r3rk1/1pnnq1bR/p1pp2B1/P2P1p2/1PP1pP2/2B3P1/5PK1/2Q4R w - - 0 1
11:56:49.532 [Engine: WHITE       ] DEBUG Search          > Searching these moves: d5c6 (-2147483648) c3g7 (-2147483648) h7g7 (-2147483648) g6f5 (-2147483648) f2f3 (-2147483648) g3g4 (-2147483648) b4b5 (-2147483648) c4c5 (-2147483648) c3d4 (-2147483648) c3e5 (-2147483648) c3f6 (-2147483648) c3d2 (-2147483648) c3e1 (-2147483648) c3b2 (-2147483648) c3a1 (-2147483648) g6h5 (-2147483648) g6f7 (-2147483648) g6e8 (-2147483648) h1h2 (-2147483648) h1h3 (-2147483648) h1h4 (-2147483648) h1h5 (-2147483648) h1h6 (-2147483648) h1g1 (-2147483648) h1f1 (-2147483648) h1e1 (-2147483648) h1d1 (-2147483648) h7h8 (-2147483648) h7h6 (-2147483648) h7h5 (-2147483648) h7h4 (-2147483648) h7h3 (-2147483648) h7h2 (-2147483648) c1c2 (-2147483648) c1d2 (-2147483648) c1e3 (-2147483648) c1d1 (-2147483648) c1e1 (-2147483648) c1f1 (-2147483648) c1g1 (-2147483648) c1b1 (-2147483648) c1a1 (-2147483648) c1b2 (-2147483648) c1a3 (-2147483648) g2h3 (-2147483648) g2h2 (-2147483648) g2g1 (-2147483648) g2f1 (-2147483648) 
11:56:49.532 [Engine: WHITE       ] DEBUG Search          > Search Mode: SearchMode{whiteTime=PT0S, blackTime=PT0S, whiteInc=PT0S, blackInc=PT0S, movesToGo=0, moveTime=PT0S, depth=0, nodes=0, moves=[], mate=2, ponder=false, infinite=false, perft=false, timeControl=false, startDepth=1, maxDepth=4}
11:56:49.533 [Engine: WHITE       ] DEBUG Search          > Time Management: OFF soft: 0 ms hard: 0 ms
11:56:49.533 [Engine: WHITE       ] DEBUG Search          > Start Depth: 1
11:56:49.533 [Engine: WHITE       ] DEBUG Search          > Max Depth: 4
11:56:49.533 [Engine: WHITE       ] DEBUG Search          > 
11:56:49.660 [Engine: WHITE       ] INFO  FrankyEngine    > Engine >>>> depth 0 seldepth 18 multipv 1 score cp 175 nodes 6140 nps 45000 time 133 pv h7g7 e7g7 c3g7 g8g7 
11:56:49.688 [Engine: WHITE       ] INFO  FrankyEngine    > Engine >>>> depth 1 seldepth 2 multipv 1 score cp -209 nodes 7906 nps 48000 time 161 pv c3g7 e7g7 
11:56:49.777 [Engine: WHITE       ] INFO  FrankyEngine    > Engine >>>> depth 2 seldepth 19 nodes 11096 nps 44384 time 250 hashfull 0
11:56:49.777 [Engine: WHITE       ] INFO  FrankyEngine    > Engine >>>> currmove c3e1 currmovenumber 4
11:56:49.777 [Engine: WHITE       ] INFO  FrankyEngine    > Engine >>>> currline c3e1 b7b5 h7g7 e7g7 
11:56:50.027 [Engine: WHITE       ] INFO  FrankyEngine    > Engine >>>> depth 2 seldepth 20 nodes 44198 nps 88396 time 500 hashfull 3
11:56:50.048 [Engine: WHITE       ] INFO  FrankyEngine    > Engine >>>> currmove h1d1 currmovenumber 27
11:56:50.069 [Engine: WHITE       ] INFO  FrankyEngine    > Engine >>>> currline h1d1 b7b5 c3g7 c6d5 g7f8 b5c4 
11:56:50.168 [Engine: WHITE       ] INFO  FrankyEngine    > Engine >>>> depth 2 seldepth 21 multipv 1 score cp 555 nodes 72564 nps 112000 time 641 pv h7g7 e7g7 c3g7 
11:56:50.319 [Engine: WHITE       ] INFO  FrankyEngine    > Engine >>>> depth 3 seldepth 19 nodes 133400 nps 168434 time 792 hashfull 9
11:56:50.319 [Engine: WHITE       ] INFO  FrankyEngine    > Engine >>>> currmove h1h2 currmovenumber 20
11:56:50.319 [Engine: WHITE       ] INFO  FrankyEngine    > Engine >>>> currline h1h2 c7a8 d5c6 b7b6 
11:56:50.488 [Engine: WHITE       ] INFO  FrankyEngine    > Engine >>>> depth 3 seldepth 21 multipv 1 score cp 9997 nodes 203384 nps 211000 time 961 pv h7h8 g7h8 h1h8 
11:56:50.489 [Engine: WHITE       ] INFO  Search          > Search complete. Nodes visited: 203.384 Boards Evaluated: 176.294 (+3) Captures: 96.041 EP: 50 Checks: 0 Mates: 0 
11:56:50.489 [Engine: WHITE       ] INFO  Search          > Search Depth was 3 (21)
11:56:50.503 [Engine: WHITE       ] INFO  Search          > Search took 00:00:00.961
11:56:50.504 [Engine: WHITE       ] INFO  Search          > Speed: 180.629 nps
11:56:50.504 [Engine: WHITE       ] INFO  Search          > Search result was: Best Move: NORMAL Rh7-h8 (9997)  Ponder Move: NORMAL bg7xRh8 Depth: 3/21 PV h7h8 g7h8 h1h8 
11:56:50.504 [Engine: WHITE       ] INFO  FrankyEngine    > Engine got Best Move: h7h8 [Ponder g7h8]
11:56:50.537 [main                ] INFO  Search          > Search has been stopped
11:56:50.541 [Engine: WHITE       ] INFO  Search          > ****** MATE SEARCH *******
11:56:50.541 [Engine: WHITE       ] DEBUG Search          > Searching in Position: 4rk2/p5p1/1p2P2N/7R/nP5P/5PQ1/b6K/q7 w - - 0 1
11:56:50.541 [Engine: WHITE       ] DEBUG Search          > Searching these moves: g3g7 (-2147483648) f3f4 (-2147483648) b4b5 (-2147483648) e6e7 (-2147483648) h6g4 (-2147483648) h6f5 (-2147483648) h6f7 (-2147483648) h6g8 (-2147483648) h5g5 (-2147483648) h5f5 (-2147483648) h5e5 (-2147483648) h5d5 (-2147483648) h5c5 (-2147483648) h5b5 (-2147483648) h5a5 (-2147483648) g3g4 (-2147483648) g3g5 (-2147483648) g3g6 (-2147483648) g3h3 (-2147483648) g3g2 (-2147483648) g3g1 (-2147483648) g3f2 (-2147483648) g3e1 (-2147483648) g3f4 (-2147483648) g3e5 (-2147483648) g3d6 (-2147483648) g3c7 (-2147483648) g3b8 (-2147483648) h2h3 (-2147483648) h2g2 (-2147483648) 
11:56:50.541 [Engine: WHITE       ] DEBUG Search          > Search Mode: SearchMode{whiteTime=PT0S, blackTime=PT0S, whiteInc=PT0S, blackInc=PT0S, movesToGo=0, moveTime=PT0S, depth=0, nodes=0, moves=[], mate=3, ponder=false, infinite=false, perft=false, timeControl=false, startDepth=1, maxDepth=6}
11:56:50.542 [Engine: WHITE       ] DEBUG Search          > Time Management: OFF soft: 0 ms hard: 0 ms
11:56:50.542 [Engine: WHITE       ] DEBUG Search          > Start Depth: 1
11:56:50.542 [Engine: WHITE       ] DEBUG Search          > Max Depth: 6
11:56:50.542 [Engine: WHITE       ] DEBUG Search          > 
11:56:50.546 [Engine: WHITE       ] INFO  FrankyEngine    > Engine >>>> depth 0 seldepth 8 multipv 1 score cp -163 nodes 306 nps 43000 time 5 pv g3d6 e8e7 
11:56:50.554 [Engine: WHITE       ] INFO  FrankyEngine    > Engine >>>> depth 1 seldepth 2 multipv 1 score cp -163 nodes 1161 nps 77000 time 13 pv g3d6 e8e7 
11:56:50.591 [Engine: WHITE       ] INFO  FrankyEngine    > Engine >>>> depth 2 seldepth 13 multipv 1 score cp 375 nodes 11940 nps 229000 time 50 pv g3d6 e8e7 d6e7 
11:56:50.670 [Engine: WHITE       ] INFO  FrankyEngine    > Engine >>>> depth 3 seldepth 12 multipv 1 score cp -167 nodes 45753 nps 349000 time 129 pv g3d6 e8e7 d6d8 e7e8 
11:56:50.791 [Engine: WHITE       ] INFO  FrankyEngine    > Engine >>>> depth 4 seldepth 14 nodes 79548 nps 318192 time 250 hashfull 19
11:56:50.791 [Engine: WHITE       ] INFO  FrankyEngine    > Engine >>>> currmove h6g4 currmovenumber 4
11:56:50.792 [Engine: WHITE       ] INFO  FrankyEngine    > Engine >>>> currline h6g4 a1f1 g4e3 f1h3 g3h3 a2e6 
11:56:51.042 [Engine: WHITE       ] INFO  FrankyEngine    > Engine >>>> depth 4 seldepth 16 nodes 182304 nps 363880 time 501 hashfull 25
11:56:51.042 [Engine: WHITE       ] INFO  FrankyEngine    > Engine >>>> currmove h5g5 currmovenumber 13
11:56:51.042 [Engine: WHITE       ] INFO  FrankyEngine    > Engine >>>> currline h5g5 a2b3 h6f7 e8a8 g5g7 a1g7 g3g7 f8g7 
11:56:51.292 [Engine: WHITE       ] INFO  FrankyEngine    > Engine >>>> depth 4 seldepth 16 nodes 327345 nps 435878 time 751 hashfull 33
11:56:51.292 [Engine: WHITE       ] INFO  FrankyEngine    > Engine >>>> currmove h5c5 currmovenumber 27
11:56:51.292 [Engine: WHITE       ] INFO  FrankyEngine    > Engine >>>> currline h5c5 a1d4 g3g7 d4g7 h2h1 
11:56:51.306 [Engine: WHITE       ] INFO  FrankyEngine    > Engine >>>> depth 4 seldepth 16 multipv 1 score cp 368 nodes 335010 nps 436000 time 765 pv g3d6 e8e7 d6d8 e7e8 d8e8 
11:56:51.542 [Engine: WHITE       ] INFO  FrankyEngine    > Engine >>>> depth 5 seldepth 16 nodes 495803 nps 495307 time 1001 hashfull 42
11:56:51.542 [Engine: WHITE       ] INFO  FrankyEngine    > Engine >>>> currmove h5f5 currmovenumber 6
11:56:51.542 [Engine: WHITE       ] INFO  FrankyEngine    > Engine >>>> currline h5f5 a1f6 g3c7 a2b3 c7d6 e8e7 
11:56:51.792 [Engine: WHITE       ] INFO  FrankyEngine    > Engine >>>> depth 5 seldepth 16 nodes 630925 nps 504336 time 1251 hashfull 49
11:56:51.792 [Engine: WHITE       ] INFO  FrankyEngine    > Engine >>>> currmove f3f4 currmovenumber 10
11:56:51.792 [Engine: WHITE       ] INFO  FrankyEngine    > Engine >>>> currline f3f4 a1b2 g3g2 a2c4 g2b2 c4e6 
11:56:52.042 [Engine: WHITE       ] INFO  FrankyEngine    > Engine >>>> depth 5 seldepth 16 nodes 797115 nps 531055 time 1501 hashfull 58
11:56:52.042 [Engine: WHITE       ] INFO  FrankyEngine    > Engine >>>> currmove g3g5 currmovenumber 16
11:56:52.042 [Engine: WHITE       ] INFO  FrankyEngine    > Engine >>>> currline g3g5 e8e6 b4b5 e6h6 g5g1 a1g1 
11:56:52.292 [Engine: WHITE       ] INFO  FrankyEngine    > Engine >>>> depth 5 seldepth 16 nodes 973909 nps 556201 time 1751 hashfull 66
11:56:52.292 [Engine: WHITE       ] INFO  FrankyEngine    > Engine >>>> currmove h5c5 currmovenumber 24
11:56:52.292 [Engine: WHITE       ] INFO  FrankyEngine    > Engine >>>> currline h5c5 a2b1 h4h5 b1d3 f3f4 a1d1 
11:56:52.465 [Engine: WHITE       ] INFO  FrankyEngine    > Engine >>>> depth 5 seldepth 16 multipv 1 score cp 9995 nodes 1092731 nps 567000 time 1924 pv g3d6 e8e7 d6d8 e7e8 e6e7 
11:56:52.466 [Engine: WHITE       ] INFO  Search          > Search complete. Nodes visited: 1.092.731 Boards Evaluated: 688.923 (+176) Captures: 301.414 EP: 343 Checks: 0 Mates: 0 
11:56:52.466 [Engine: WHITE       ] INFO  Search          > Search Depth was 5 (16)
11:56:52.466 [Engine: WHITE       ] INFO  Search          > Search took 00:00:01.924
11:56:52.466 [Engine: WHITE       ] INFO  Search          > Speed: 357.882 nps
11:56:52.466 [Engine: WHITE       ] INFO  Search          > Search result was: Best Move: NORMAL Qg3-d6 (9995)  Ponder Move: NORMAL re8-e7 Depth: 5/16 PV g3d6 e8e7 d6d8 e7e8 e6e7 
11:56:52.466 [Engine: WHITE       ] INFO  FrankyEngine    > Engine got Best Move: g3d6 [Ponder e8e7]
